<?xml version="1.0" encoding="UTF-8"?>
<testng-results skipped="0" failed="0" total="1" passed="1">
  <reporter-output>
  </reporter-output>
  <suite name="Default suite" duration-ms="20877" started-at="2020-09-07T18:13:08Z" finished-at="2020-09-07T18:13:29Z">
    <groups>
    </groups>
    <test name="Default test" duration-ms="20877" started-at="2020-09-07T18:13:08Z" finished-at="2020-09-07T18:13:29Z">
      <class name="apiTest.Tests">
        <test-method status="PASS" signature="setup()[pri:0, instance:apiTest.Tests@78b66d36]" name="setup" is-config="true" duration-ms="7831" started-at="2020-09-07T23:43:08Z" finished-at="2020-09-07T23:43:16Z">
          <reporter-output>
          </reporter-output>
        </test-method> <!-- setup -->
        <test-method status="PASS" signature="verifyHeader()[pri:0, instance:apiTest.Tests@78b66d36]" name="verifyHeader" duration-ms="12983" started-at="2020-09-07T23:43:16Z" finished-at="2020-09-07T23:43:29Z">
          <reporter-output>
          </reporter-output>
        </test-method> <!-- verifyHeader -->
      </class> <!-- apiTest.Tests -->
    </test> <!-- Default test -->
  </suite> <!-- Default suite -->
</testng-results>
